<?xml version="1.0" encoding="UTF-8"?>
<testng-results ignored="0" total="1" passed="1" failed="0" skipped="0">
  <reporter-output>
  </reporter-output>
  <suite started-at="2023-07-29T12:46:12 IST" name="Suite" finished-at="2023-07-29T12:46:21 IST" duration-ms="8887">
    <groups>
    </groups>
    <test started-at="2023-07-29T12:46:12 IST" name="Test" finished-at="2023-07-29T12:46:21 IST" duration-ms="8887">
      <class name="demo.flipkart">
        <test-method signature="flipkart2()[pri:0, instance:demo.flipkart@7f485fda]" started-at="2023-07-29T12:46:12 IST" name="flipkart2" finished-at="2023-07-29T12:46:21 IST" duration-ms="8696" status="PASS">
          <reporter-output>
          </reporter-output>
        </test-method> <!-- flipkart2 -->
      </class> <!-- demo.flipkart -->
    </test> <!-- Test -->
  </suite> <!-- Suite -->
</testng-results>
